<?xml version="1.0" encoding="UTF-8"?>
<!-- Generated by org.testng.reporters.JUnitXMLReporter -->
<testsuite ignored="0" hostname="SAGAR" failures="0" tests="4" name="Default test" time="8.305" errors="0" timestamp="2023-03-08T23:38:13 IST">
  <testcase classname="TestLayer.RegisterPageTest" name="openABrowser" time="4.731"/>
  <testcase classname="TestLayer.RegisterPageTest" name="validateContactInformation" time="0.722"/>
  <testcase classname="TestLayer.RegisterPageTest" name="validateMailingInformation" time="0.406"/>
  <testcase classname="TestLayer.RegisterPageTest" name="validateUserInformation" time="2.411"/>
</testsuite> <!-- Default test -->
